[debug] ----------------------------------------------------------------------
[debug] Command:      /usr/bin/nodejs /home/khophi/npm-global/bin/firebase deploy
[debug] CLI Version:  3.0.2
[debug] Platform:     linux
[debug] Node Version: v5.11.1
[debug] Time:         Mon Jun 20 2016 13:03:16 GMT+0000 (GMT)
[debug] ----------------------------------------------------------------------
[debug] 
[debug] > command requires scopes: ["email","openid","https://www.googleapis.com/auth/cloudplatformprojects.readonly","https://www.googleapis.com/auth/firebase"]
[debug] > refreshing access token with scopes: ["email","https://www.googleapis.com/auth/cloudplatformprojects.readonly","https://www.googleapis.com/auth/firebase","openid"]
[debug] >>> HTTP REQUEST POST https://www.googleapis.com/oauth2/v3/token
[debug] <<< HTTP RESPONSE 200
[debug] >>> HTTP REQUEST GET https://admin.firebase.com/v1/projects/khophi-auth 
[debug] ----------------------------------------------------------------------
[debug] Command:      /usr/bin/nodejs /home/khophi/npm-global/bin/firebase serve
[debug] CLI Version:  3.0.2
[debug] Platform:     linux
[debug] Node Version: v5.11.1
[debug] Time:         Mon Jun 20 2016 19:42:36 GMT+0000 (GMT)
[debug] ----------------------------------------------------------------------
[debug] 
[info] Starting Firebase development server...
[info] 
[info] Project Directory: /home/khophi/Developments/Angular/CodebySide
[info] Public Directory: app
[info] 
[info] Server listening at: http://localhost:5000
[debug] ----------------------------------------------------------------------
[debug] Command:      /usr/bin/nodejs /home/khophi/npm-global/bin/firebase deploy
[debug] CLI Version:  3.0.2
[debug] Platform:     linux
[debug] Node Version: v5.11.1
[debug] Time:         Mon Jun 20 2016 19:47:37 GMT+0000 (GMT)
[debug] ----------------------------------------------------------------------
[debug] 
[debug] > command requires scopes: ["email","openid","https://www.googleapis.com/auth/cloudplatformprojects.readonly","https://www.googleapis.com/auth/firebase"]
[debug] > refreshing access token with scopes: ["email","https://www.googleapis.com/auth/cloudplatformprojects.readonly","https://www.googleapis.com/auth/firebase","openid"]
[debug] >>> HTTP REQUEST POST https://www.googleapis.com/oauth2/v3/token
[debug] <<< HTTP RESPONSE 200
[debug] >>> HTTP REQUEST GET https://admin.firebase.com/v1/projects/khophi-auth 
[debug] Error: getaddrinfo EAI_AGAIN admin.firebase.com:443
    at Object.exports._errnoException (util.js:893:11)
    at errnoException (dns.js:31:15)
    at GetAddrInfoReqWrap.onlookup [as oncomplete] (dns.js:77:26)
[error] 
[error] Error: Server Error. Please try again in a few minutes.
[debug] Error Context: {
  "requestOptions": {
    "method": "GET",
    "json": true,
    "url": "https://admin.firebase.com/v1/projects/khophi-auth",
    "headers": {
      "authorization": "Bearer ya29.CjAHA0WAx_rYVoP6hRDg5WHxr1vbQQStyUGOufaQDx6mg6Tp8xrMQkH8VLg8W4zLuG0"
    }
  }
}
